This file contains any messages produced by compilers while
running configure, to aid debugging if configure makes a mistake.

It was created by netacct-mysql configure 0.80, which was
generated by GNU Autoconf 2.59.  Invocation command line was

  $ ./configure 

## --------- ##
## Platform. ##
## --------- ##

hostname = moon.int.fibank.bg
uname -m = i386
uname -r = 3.4
uname -s = OpenBSD
uname -v = VLADO#9

/usr/bin/uname -p = Intel Pentium II ("GenuineIntel" 686-class, 512KB L2 cache)
/bin/uname -X     = unknown

/bin/arch              = unknown
/usr/bin/arch -k       = OpenBSD.i386
/usr/convex/getsysinfo = unknown
hostinfo               = unknown
/bin/machine           = unknown
/usr/bin/oslevel       = unknown
/bin/universe          = unknown

PATH: /sbin
PATH: /usr/sbin
PATH: /bin
PATH: /usr/bin
PATH: /usr/local/bin
PATH: /usr/X11R6/bin


## ----------- ##
## Core tests. ##
## ----------- ##

configure:1366: checking for a BSD-compatible install
configure:1421: result: /usr/bin/install -c
configure:1432: checking whether build environment is sane
configure:1475: result: yes
configure:1508: checking for gawk
configure:1537: result: no
configure:1508: checking for mawk
configure:1537: result: no
configure:1508: checking for nawk
configure:1524: found /usr/bin/nawk
configure:1534: result: nawk
configure:1544: checking whether make sets $(MAKE)
configure:1564: result: yes
configure:1776: checking for gcc
configure:1792: found /usr/bin/gcc
configure:1802: result: gcc
configure:2046: checking for C compiler version
configure:2049: gcc --version </dev/null >&5
2.95.3
configure:2052: $? = 0
configure:2054: gcc -v </dev/null >&5
Reading specs from /usr/lib/gcc-lib/i386-unknown-openbsd3.4/2.95.3/specs
gcc version 2.95.3 20010125 (prerelease, propolice)
configure:2057: $? = 0
configure:2059: gcc -V </dev/null >&5
gcc: argument to `-V' is missing
configure:2062: $? = 1
configure:2085: checking for C compiler default output file name
configure:2088: gcc    conftest.c  >&5
configure:2091: $? = 0
configure:2137: result: a.out
configure:2142: checking whether the C compiler works
configure:2148: ./a.out
configure:2151: $? = 0
configure:2168: result: yes
configure:2175: checking whether we are cross compiling
configure:2177: result: no
configure:2180: checking for suffix of executables
configure:2182: gcc -o conftest    conftest.c  >&5
configure:2185: $? = 0
configure:2210: result: 
configure:2216: checking for suffix of object files
configure:2237: gcc -c   conftest.c >&5
configure:2240: $? = 0
configure:2262: result: o
configure:2266: checking whether we are using the GNU C compiler
configure:2290: gcc -c   conftest.c >&5
configure:2296: $? = 0
configure:2299: test -z 			 || test ! -s conftest.err
configure:2302: $? = 0
configure:2305: test -s conftest.o
configure:2308: $? = 0
configure:2321: result: yes
configure:2327: checking whether gcc accepts -g
configure:2348: gcc -c -g  conftest.c >&5
configure:2354: $? = 0
configure:2357: test -z 			 || test ! -s conftest.err
configure:2360: $? = 0
configure:2363: test -s conftest.o
configure:2366: $? = 0
configure:2377: result: yes
configure:2394: checking for gcc option to accept ANSI C
configure:2464: gcc  -c -g -O2  conftest.c >&5
configure:2470: $? = 0
configure:2473: test -z 			 || test ! -s conftest.err
configure:2476: $? = 0
configure:2479: test -s conftest.o
configure:2482: $? = 0
configure:2500: result: none needed
configure:2518: gcc -c -g -O2  conftest.c >&5
conftest.c:2: syntax error before `me'
configure:2524: $? = 1
configure: failed program was:
| #ifndef __cplusplus
|   choke me
| #endif
configure:2665: checking for style of include used by make
configure:2693: result: GNU
configure:2721: checking dependency style of gcc
configure:2804: result: gcc
configure:2829: checking how to run the C preprocessor
configure:2864: gcc -E  conftest.c
configure:2870: $? = 0
configure:2902: gcc -E  conftest.c
conftest.c:11: ac_nonexistent.h: No such file or directory
configure:2908: $? = 1
configure: failed program was:
| /* confdefs.h.  */
| 
| #define PACKAGE_NAME "netacct-mysql"
| #define PACKAGE_TARNAME "netacct-mysql"
| #define PACKAGE_VERSION "0.80"
| #define PACKAGE_STRING "netacct-mysql 0.80"
| #define PACKAGE_BUGREPORT "geroy@stemo.bg"
| #define PACKAGE "netacct-mysql"
| #define VERSION "0.80"
| /* end confdefs.h.  */
| #include <ac_nonexistent.h>
configure:2947: result: gcc -E
configure:2971: gcc -E  conftest.c
configure:2977: $? = 0
configure:3009: gcc -E  conftest.c
conftest.c:11: ac_nonexistent.h: No such file or directory
configure:3015: $? = 1
configure: failed program was:
| /* confdefs.h.  */
| 
| #define PACKAGE_NAME "netacct-mysql"
| #define PACKAGE_TARNAME "netacct-mysql"
| #define PACKAGE_VERSION "0.80"
| #define PACKAGE_STRING "netacct-mysql 0.80"
| #define PACKAGE_BUGREPORT "geroy@stemo.bg"
| #define PACKAGE "netacct-mysql"
| #define VERSION "0.80"
| /* end confdefs.h.  */
| #include <ac_nonexistent.h>
configure:3059: checking for egrep
configure:3069: result: grep -E
configure:3074: checking for ANSI C header files
configure:3099: gcc -c -g -O2  conftest.c >&5
configure:3105: $? = 0
configure:3108: test -z 			 || test ! -s conftest.err
configure:3111: $? = 0
configure:3114: test -s conftest.o
configure:3117: $? = 0
configure:3206: gcc -o conftest -g -O2   conftest.c  >&5
configure:3209: $? = 0
configure:3211: ./conftest
configure:3214: $? = 0
configure:3229: result: yes
configure:3239: checking for sys/wait.h that is POSIX.1 compatible
configure:3270: gcc -c -g -O2  conftest.c >&5
configure:3276: $? = 0
configure:3279: test -z 			 || test ! -s conftest.err
configure:3282: $? = 0
configure:3285: test -s conftest.o
configure:3288: $? = 0
configure:3299: result: yes
configure:3323: checking for sys/types.h
configure:3339: gcc -c -g -O2  conftest.c >&5
configure:3345: $? = 0
configure:3348: test -z 			 || test ! -s conftest.err
configure:3351: $? = 0
configure:3354: test -s conftest.o
configure:3357: $? = 0
configure:3368: result: yes
configure:3323: checking for sys/stat.h
configure:3339: gcc -c -g -O2  conftest.c >&5
configure:3345: $? = 0
configure:3348: test -z 			 || test ! -s conftest.err
configure:3351: $? = 0
configure:3354: test -s conftest.o
configure:3357: $? = 0
configure:3368: result: yes
configure:3323: checking for stdlib.h
configure:3339: gcc -c -g -O2  conftest.c >&5
configure:3345: $? = 0
configure:3348: test -z 			 || test ! -s conftest.err
configure:3351: $? = 0
configure:3354: test -s conftest.o
configure:3357: $? = 0
configure:3368: result: yes
configure:3323: checking for string.h
configure:3339: gcc -c -g -O2  conftest.c >&5
configure:3345: $? = 0
configure:3348: test -z 			 || test ! -s conftest.err
configure:3351: $? = 0
configure:3354: test -s conftest.o
configure:3357: $? = 0
configure:3368: result: yes
configure:3323: checking for memory.h
configure:3339: gcc -c -g -O2  conftest.c >&5
configure:3345: $? = 0
configure:3348: test -z 			 || test ! -s conftest.err
configure:3351: $? = 0
configure:3354: test -s conftest.o
configure:3357: $? = 0
configure:3368: result: yes
configure:3323: checking for strings.h
configure:3339: gcc -c -g -O2  conftest.c >&5
configure:3345: $? = 0
configure:3348: test -z 			 || test ! -s conftest.err
configure:3351: $? = 0
configure:3354: test -s conftest.o
configure:3357: $? = 0
configure:3368: result: yes
configure:3323: checking for inttypes.h
configure:3339: gcc -c -g -O2  conftest.c >&5
configure:3345: $? = 0
configure:3348: test -z 			 || test ! -s conftest.err
configure:3351: $? = 0
configure:3354: test -s conftest.o
configure:3357: $? = 0
configure:3368: result: yes
configure:3323: checking for stdint.h
configure:3339: gcc -c -g -O2  conftest.c >&5
conftest.c:55: stdint.h: No such file or directory
configure:3345: $? = 1
configure: failed program was:
| /* confdefs.h.  */
| 
| #define PACKAGE_NAME "netacct-mysql"
| #define PACKAGE_TARNAME "netacct-mysql"
| #define PACKAGE_VERSION "0.80"
| #define PACKAGE_STRING "netacct-mysql 0.80"
| #define PACKAGE_BUGREPORT "geroy@stemo.bg"
| #define PACKAGE "netacct-mysql"
| #define VERSION "0.80"
| #define STDC_HEADERS 1
| #define HAVE_SYS_WAIT_H 1
| #define HAVE_SYS_TYPES_H 1
| #define HAVE_SYS_STAT_H 1
| #define HAVE_STDLIB_H 1
| #define HAVE_STRING_H 1
| #define HAVE_MEMORY_H 1
| #define HAVE_STRINGS_H 1
| #define HAVE_INTTYPES_H 1
| /* end confdefs.h.  */
| #include <stdio.h>
| #if HAVE_SYS_TYPES_H
| # include <sys/types.h>
| #endif
| #if HAVE_SYS_STAT_H
| # include <sys/stat.h>
| #endif
| #if STDC_HEADERS
| # include <stdlib.h>
| # include <stddef.h>
| #else
| # if HAVE_STDLIB_H
| #  include <stdlib.h>
| # endif
| #endif
| #if HAVE_STRING_H
| # if !STDC_HEADERS && HAVE_MEMORY_H
| #  include <memory.h>
| # endif
| # include <string.h>
| #endif
| #if HAVE_STRINGS_H
| # include <strings.h>
| #endif
| #if HAVE_INTTYPES_H
| # include <inttypes.h>
| #else
| # if HAVE_STDINT_H
| #  include <stdint.h>
| # endif
| #endif
| #if HAVE_UNISTD_H
| # include <unistd.h>
| #endif
| 
| #include <stdint.h>
configure:3368: result: no
configure:3323: checking for unistd.h
configure:3339: gcc -c -g -O2  conftest.c >&5
configure:3345: $? = 0
configure:3348: test -z 			 || test ! -s conftest.err
configure:3351: $? = 0
configure:3354: test -s conftest.o
configure:3357: $? = 0
configure:3368: result: yes
configure:3408: checking arpa/inet.h usability
configure:3420: gcc -c -g -O2  conftest.c >&5
In file included from conftest.c:55:
/usr/include/arpa/inet.h:74: warning: `struct in_addr' declared inside parameter list
/usr/include/arpa/inet.h:74: warning: its scope is only this definition or declaration, which is probably not what you want.
/usr/include/arpa/inet.h:75: warning: `struct in_addr' declared inside parameter list
/usr/include/arpa/inet.h:75: warning: parameter has incomplete type
/usr/include/arpa/inet.h:79: warning: parameter has incomplete type
/usr/include/arpa/inet.h:85: warning: parameter has incomplete type
configure:3426: $? = 0
configure:3429: test -z 			 || test ! -s conftest.err
configure:3432: $? = 0
configure:3435: test -s conftest.o
configure:3438: $? = 0
configure:3448: result: yes
configure:3452: checking arpa/inet.h presence
configure:3462: gcc -E  conftest.c
configure:3468: $? = 0
configure:3488: result: yes
configure:3523: checking for arpa/inet.h
configure:3530: result: yes
configure:3408: checking fcntl.h usability
configure:3420: gcc -c -g -O2  conftest.c >&5
configure:3426: $? = 0
configure:3429: test -z 			 || test ! -s conftest.err
configure:3432: $? = 0
configure:3435: test -s conftest.o
configure:3438: $? = 0
configure:3448: result: yes
configure:3452: checking fcntl.h presence
configure:3462: gcc -E  conftest.c
configure:3468: $? = 0
configure:3488: result: yes
configure:3523: checking for fcntl.h
configure:3530: result: yes
configure:3408: checking limits.h usability
configure:3420: gcc -c -g -O2  conftest.c >&5
configure:3426: $? = 0
configure:3429: test -z 			 || test ! -s conftest.err
configure:3432: $? = 0
configure:3435: test -s conftest.o
configure:3438: $? = 0
configure:3448: result: yes
configure:3452: checking limits.h presence
configure:3462: gcc -E  conftest.c
configure:3468: $? = 0
configure:3488: result: yes
configure:3523: checking for limits.h
configure:3530: result: yes
configure:3408: checking malloc.h usability
configure:3420: gcc -c -g -O2  conftest.c >&5
In file included from conftest.c:58:
/usr/include/malloc.h:4: warning: #warning "<malloc.h> is obsolete, use <stdlib.h>"
configure:3426: $? = 0
configure:3429: test -z 			 || test ! -s conftest.err
configure:3432: $? = 0
configure:3435: test -s conftest.o
configure:3438: $? = 0
configure:3448: result: yes
configure:3452: checking malloc.h presence
configure:3462: gcc -E  conftest.c
In file included from conftest.c:24:
/usr/include/malloc.h:4: warning: #warning "<malloc.h> is obsolete, use <stdlib.h>"
configure:3468: $? = 0
configure:3488: result: yes
configure:3523: checking for malloc.h
configure:3530: result: yes
configure:3408: checking netinet/in.h usability
configure:3420: gcc -c -g -O2  conftest.c >&5
configure:3426: $? = 0
configure:3429: test -z 			 || test ! -s conftest.err
configure:3432: $? = 0
configure:3435: test -s conftest.o
configure:3438: $? = 0
configure:3448: result: yes
configure:3452: checking netinet/in.h presence
configure:3462: gcc -E  conftest.c
configure:3468: $? = 0
configure:3488: result: yes
configure:3523: checking for netinet/in.h
configure:3530: result: yes
configure:3399: checking for stdlib.h
configure:3404: result: yes
configure:3399: checking for string.h
configure:3404: result: yes
configure:3408: checking sys/file.h usability
configure:3420: gcc -c -g -O2  conftest.c >&5
configure:3426: $? = 0
configure:3429: test -z 			 || test ! -s conftest.err
configure:3432: $? = 0
configure:3435: test -s conftest.o
configure:3438: $? = 0
configure:3448: result: yes
configure:3452: checking sys/file.h presence
configure:3462: gcc -E  conftest.c
configure:3468: $? = 0
configure:3488: result: yes
configure:3523: checking for sys/file.h
configure:3530: result: yes
configure:3408: checking sys/ioctl.h usability
configure:3420: gcc -c -g -O2  conftest.c >&5
configure:3426: $? = 0
configure:3429: test -z 			 || test ! -s conftest.err
configure:3432: $? = 0
configure:3435: test -s conftest.o
configure:3438: $? = 0
configure:3448: result: yes
configure:3452: checking sys/ioctl.h presence
configure:3462: gcc -E  conftest.c
configure:3468: $? = 0
configure:3488: result: yes
configure:3523: checking for sys/ioctl.h
configure:3530: result: yes
configure:3408: checking sys/param.h usability
configure:3420: gcc -c -g -O2  conftest.c >&5
configure:3426: $? = 0
configure:3429: test -z 			 || test ! -s conftest.err
configure:3432: $? = 0
configure:3435: test -s conftest.o
configure:3438: $? = 0
configure:3448: result: yes
configure:3452: checking sys/param.h presence
configure:3462: gcc -E  conftest.c
configure:3468: $? = 0
configure:3488: result: yes
configure:3523: checking for sys/param.h
configure:3530: result: yes
configure:3408: checking sys/socket.h usability
configure:3420: gcc -c -g -O2  conftest.c >&5
configure:3426: $? = 0
configure:3429: test -z 			 || test ! -s conftest.err
configure:3432: $? = 0
configure:3435: test -s conftest.o
configure:3438: $? = 0
configure:3448: result: yes
configure:3452: checking sys/socket.h presence
configure:3462: gcc -E  conftest.c
configure:3468: $? = 0
configure:3488: result: yes
configure:3523: checking for sys/socket.h
configure:3530: result: yes
configure:3408: checking sys/time.h usability
configure:3420: gcc -c -g -O2  conftest.c >&5
configure:3426: $? = 0
configure:3429: test -z 			 || test ! -s conftest.err
configure:3432: $? = 0
configure:3435: test -s conftest.o
configure:3438: $? = 0
configure:3448: result: yes
configure:3452: checking sys/time.h presence
configure:3462: gcc -E  conftest.c
configure:3468: $? = 0
configure:3488: result: yes
configure:3523: checking for sys/time.h
configure:3530: result: yes
configure:3408: checking syslog.h usability
configure:3420: gcc -c -g -O2  conftest.c >&5
configure:3426: $? = 0
configure:3429: test -z 			 || test ! -s conftest.err
configure:3432: $? = 0
configure:3435: test -s conftest.o
configure:3438: $? = 0
configure:3448: result: yes
configure:3452: checking syslog.h presence
configure:3462: gcc -E  conftest.c
configure:3468: $? = 0
configure:3488: result: yes
configure:3523: checking for syslog.h
configure:3530: result: yes
configure:3399: checking for unistd.h
configure:3404: result: yes
configure:3408: checking utmp.h usability
configure:3420: gcc -c -g -O2  conftest.c >&5
configure:3426: $? = 0
configure:3429: test -z 			 || test ! -s conftest.err
configure:3432: $? = 0
configure:3435: test -s conftest.o
configure:3438: $? = 0
configure:3448: result: yes
configure:3452: checking utmp.h presence
configure:3462: gcc -E  conftest.c
configure:3468: $? = 0
configure:3488: result: yes
configure:3523: checking for utmp.h
configure:3530: result: yes
configure:3545: checking for an ANSI C-conforming const
configure:3612: gcc -c -g -O2  conftest.c >&5
configure:3618: $? = 0
configure:3621: test -z 			 || test ! -s conftest.err
configure:3624: $? = 0
configure:3627: test -s conftest.o
configure:3630: $? = 0
configure:3641: result: yes
configure:3651: checking for inline
configure:3672: gcc -c -g -O2  conftest.c >&5
configure:3678: $? = 0
configure:3681: test -z 			 || test ! -s conftest.err
configure:3684: $? = 0
configure:3687: test -s conftest.o
configure:3690: $? = 0
configure:3702: result: inline
configure:3721: checking for pid_t
configure:3745: gcc -c -g -O2  conftest.c >&5
configure:3751: $? = 0
configure:3754: test -z 			 || test ! -s conftest.err
configure:3757: $? = 0
configure:3760: test -s conftest.o
configure:3763: $? = 0
configure:3774: result: yes
configure:3786: checking for uid_t in sys/types.h
configure:3809: result: yes
configure:3824: checking for working volatile
configure:3847: gcc -c -g -O2  conftest.c >&5
configure:3853: $? = 0
configure:3856: test -z 			 || test ! -s conftest.err
configure:3859: $? = 0
configure:3862: test -s conftest.o
configure:3865: $? = 0
configure:3876: result: yes
configure:3894: checking for unistd.h
configure:3899: result: yes
configure:3903: checking vfork.h usability
configure:3915: gcc -c -g -O2  conftest.c >&5
conftest.c:71: vfork.h: No such file or directory
configure:3921: $? = 1
configure: failed program was:
| /* confdefs.h.  */
| 
| #define PACKAGE_NAME "netacct-mysql"
| #define PACKAGE_TARNAME "netacct-mysql"
| #define PACKAGE_VERSION "0.80"
| #define PACKAGE_STRING "netacct-mysql 0.80"
| #define PACKAGE_BUGREPORT "geroy@stemo.bg"
| #define PACKAGE "netacct-mysql"
| #define VERSION "0.80"
| #define STDC_HEADERS 1
| #define HAVE_SYS_WAIT_H 1
| #define HAVE_SYS_TYPES_H 1
| #define HAVE_SYS_STAT_H 1
| #define HAVE_STDLIB_H 1
| #define HAVE_STRING_H 1
| #define HAVE_MEMORY_H 1
| #define HAVE_STRINGS_H 1
| #define HAVE_INTTYPES_H 1
| #define HAVE_UNISTD_H 1
| #define HAVE_ARPA_INET_H 1
| #define HAVE_FCNTL_H 1
| #define HAVE_LIMITS_H 1
| #define HAVE_MALLOC_H 1
| #define HAVE_NETINET_IN_H 1
| #define HAVE_STDLIB_H 1
| #define HAVE_STRING_H 1
| #define HAVE_SYS_FILE_H 1
| #define HAVE_SYS_IOCTL_H 1
| #define HAVE_SYS_PARAM_H 1
| #define HAVE_SYS_SOCKET_H 1
| #define HAVE_SYS_TIME_H 1
| #define HAVE_SYSLOG_H 1
| #define HAVE_UNISTD_H 1
| #define HAVE_UTMP_H 1
| #define HAVE_UNISTD_H 1
| /* end confdefs.h.  */
| #include <stdio.h>
| #if HAVE_SYS_TYPES_H
| # include <sys/types.h>
| #endif
| #if HAVE_SYS_STAT_H
| # include <sys/stat.h>
| #endif
| #if STDC_HEADERS
| # include <stdlib.h>
| # include <stddef.h>
| #else
| # if HAVE_STDLIB_H
| #  include <stdlib.h>
| # endif
| #endif
| #if HAVE_STRING_H
| # if !STDC_HEADERS && HAVE_MEMORY_H
| #  include <memory.h>
| # endif
| # include <string.h>
| #endif
| #if HAVE_STRINGS_H
| # include <strings.h>
| #endif
| #if HAVE_INTTYPES_H
| # include <inttypes.h>
| #else
| # if HAVE_STDINT_H
| #  include <stdint.h>
| # endif
| #endif
| #if HAVE_UNISTD_H
| # include <unistd.h>
| #endif
| #include <vfork.h>
configure:3943: result: no
configure:3947: checking vfork.h presence
configure:3957: gcc -E  conftest.c
conftest.c:37: vfork.h: No such file or directory
configure:3963: $? = 1
configure: failed program was:
| /* confdefs.h.  */
| 
| #define PACKAGE_NAME "netacct-mysql"
| #define PACKAGE_TARNAME "netacct-mysql"
| #define PACKAGE_VERSION "0.80"
| #define PACKAGE_STRING "netacct-mysql 0.80"
| #define PACKAGE_BUGREPORT "geroy@stemo.bg"
| #define PACKAGE "netacct-mysql"
| #define VERSION "0.80"
| #define STDC_HEADERS 1
| #define HAVE_SYS_WAIT_H 1
| #define HAVE_SYS_TYPES_H 1
| #define HAVE_SYS_STAT_H 1
| #define HAVE_STDLIB_H 1
| #define HAVE_STRING_H 1
| #define HAVE_MEMORY_H 1
| #define HAVE_STRINGS_H 1
| #define HAVE_INTTYPES_H 1
| #define HAVE_UNISTD_H 1
| #define HAVE_ARPA_INET_H 1
| #define HAVE_FCNTL_H 1
| #define HAVE_LIMITS_H 1
| #define HAVE_MALLOC_H 1
| #define HAVE_NETINET_IN_H 1
| #define HAVE_STDLIB_H 1
| #define HAVE_STRING_H 1
| #define HAVE_SYS_FILE_H 1
| #define HAVE_SYS_IOCTL_H 1
| #define HAVE_SYS_PARAM_H 1
| #define HAVE_SYS_SOCKET_H 1
| #define HAVE_SYS_TIME_H 1
| #define HAVE_SYSLOG_H 1
| #define HAVE_UNISTD_H 1
| #define HAVE_UTMP_H 1
| #define HAVE_UNISTD_H 1
| /* end confdefs.h.  */
| #include <vfork.h>
configure:3983: result: no
configure:4018: checking for vfork.h
configure:4025: result: no
configure:4043: checking for fork
configure:4100: gcc -o conftest -g -O2   conftest.c  >&5
configure:4106: $? = 0
configure:4109: test -z 			 || test ! -s conftest.err
configure:4112: $? = 0
configure:4115: test -s conftest
configure:4118: $? = 0
configure:4130: result: yes
configure:4043: checking for vfork
configure:4100: gcc -o conftest -g -O2   conftest.c  >&5
configure:4106: $? = 0
configure:4109: test -z 			 || test ! -s conftest.err
configure:4112: $? = 0
configure:4115: test -s conftest
configure:4118: $? = 0
configure:4130: result: yes
configure:4141: checking for working fork
configure:4164: gcc -o conftest -g -O2   conftest.c  >&5
configure:4167: $? = 0
configure:4169: ./conftest
configure:4172: $? = 0
configure:4186: result: yes
configure:4207: checking for working vfork
configure:4340: result: yes
configure:4376: checking for stdlib.h
configure:4381: result: yes
configure:4520: checking for GNU libc compatible malloc
configure:4549: gcc -o conftest -g -O2   conftest.c  >&5
configure:4552: $? = 0
configure:4554: ./conftest
configure:4557: $? = 0
configure:4571: result: yes
configure:4616: checking sys/select.h usability
configure:4628: gcc -c -g -O2  conftest.c >&5
configure:4634: $? = 0
configure:4637: test -z 			 || test ! -s conftest.err
configure:4640: $? = 0
configure:4643: test -s conftest.o
configure:4646: $? = 0
configure:4656: result: yes
configure:4660: checking sys/select.h presence
configure:4670: gcc -E  conftest.c
configure:4676: $? = 0
configure:4696: result: yes
configure:4731: checking for sys/select.h
configure:4738: result: yes
configure:4607: checking for sys/socket.h
configure:4612: result: yes
configure:4751: checking types of arguments for select
configure:4784: gcc -c -g -O2  conftest.c >&5
configure:4790: $? = 0
configure:4793: test -z 			 || test ! -s conftest.err
configure:4796: $? = 0
configure:4799: test -s conftest.o
configure:4802: $? = 0
configure:4818: result: int,fd_set *,struct timeval *
configure:4841: checking for function prototypes
configure:4844: result: yes
configure:4861: checking whether setvbuf arguments are reversed
configure:4886: gcc -o conftest -g -O2   conftest.c  >&5
conftest.c:52: conflicting types for `setvbuf'
/usr/include/stdio.h:253: previous declaration of `setvbuf'
configure:4892: $? = 1
configure: failed program was:
| /* confdefs.h.  */
| 
| #define PACKAGE_NAME "netacct-mysql"
| #define PACKAGE_TARNAME "netacct-mysql"
| #define PACKAGE_VERSION "0.80"
| #define PACKAGE_STRING "netacct-mysql 0.80"
| #define PACKAGE_BUGREPORT "geroy@stemo.bg"
| #define PACKAGE "netacct-mysql"
| #define VERSION "0.80"
| #define STDC_HEADERS 1
| #define HAVE_SYS_WAIT_H 1
| #define HAVE_SYS_TYPES_H 1
| #define HAVE_SYS_STAT_H 1
| #define HAVE_STDLIB_H 1
| #define HAVE_STRING_H 1
| #define HAVE_MEMORY_H 1
| #define HAVE_STRINGS_H 1
| #define HAVE_INTTYPES_H 1
| #define HAVE_UNISTD_H 1
| #define HAVE_ARPA_INET_H 1
| #define HAVE_FCNTL_H 1
| #define HAVE_LIMITS_H 1
| #define HAVE_MALLOC_H 1
| #define HAVE_NETINET_IN_H 1
| #define HAVE_STDLIB_H 1
| #define HAVE_STRING_H 1
| #define HAVE_SYS_FILE_H 1
| #define HAVE_SYS_IOCTL_H 1
| #define HAVE_SYS_PARAM_H 1
| #define HAVE_SYS_SOCKET_H 1
| #define HAVE_SYS_TIME_H 1
| #define HAVE_SYSLOG_H 1
| #define HAVE_UNISTD_H 1
| #define HAVE_UTMP_H 1
| #define HAVE_UNISTD_H 1
| #define HAVE_FORK 1
| #define HAVE_VFORK 1
| #define HAVE_WORKING_VFORK 1
| #define HAVE_WORKING_FORK 1
| #define HAVE_STDLIB_H 1
| #define HAVE_MALLOC 1
| #define HAVE_SYS_SELECT_H 1
| #define HAVE_SYS_SOCKET_H 1
| #define SELECT_TYPE_ARG1 int
| #define SELECT_TYPE_ARG234 (fd_set *)
| #define SELECT_TYPE_ARG5 (struct timeval *)
| #define PROTOTYPES 1
| #define __PROTOTYPES 1
| /* end confdefs.h.  */
| #include <stdio.h>
| #	  if PROTOTYPES
| 	   int (setvbuf) (FILE *, int, char *, size_t);
| #	  endif
| int
| main ()
| {
| char buf; return setvbuf (stdout, _IOLBF, &buf, 1);
|   ;
|   return 0;
| }
configure:5011: result: no
configure:5021: checking return type of signal handlers
configure:5052: gcc -c -g -O2  conftest.c >&5
configure:5058: $? = 0
configure:5061: test -z 			 || test ! -s conftest.err
configure:5064: $? = 0
configure:5067: test -s conftest.o
configure:5070: $? = 0
configure:5081: result: void
configure:5093: checking for strftime
configure:5150: gcc -o conftest -g -O2   conftest.c  >&5
configure:5156: $? = 0
configure:5159: test -z 			 || test ! -s conftest.err
configure:5162: $? = 0
configure:5165: test -s conftest
configure:5168: $? = 0
configure:5180: result: yes
configure:5276: checking for alarm
configure:5333: gcc -o conftest -g -O2   conftest.c  >&5
configure:5339: $? = 0
configure:5342: test -z 			 || test ! -s conftest.err
configure:5345: $? = 0
configure:5348: test -s conftest
configure:5351: $? = 0
configure:5363: result: yes
configure:5276: checking for memmove
configure:5333: gcc -o conftest -g -O2   conftest.c  >&5
configure:5339: $? = 0
configure:5342: test -z 			 || test ! -s conftest.err
configure:5345: $? = 0
configure:5348: test -s conftest
configure:5351: $? = 0
configure:5363: result: yes
configure:5276: checking for putenv
configure:5333: gcc -o conftest -g -O2   conftest.c  >&5
configure:5339: $? = 0
configure:5342: test -z 			 || test ! -s conftest.err
configure:5345: $? = 0
configure:5348: test -s conftest
configure:5351: $? = 0
configure:5363: result: yes
configure:5276: checking for select
configure:5333: gcc -o conftest -g -O2   conftest.c  >&5
configure:5339: $? = 0
configure:5342: test -z 			 || test ! -s conftest.err
configure:5345: $? = 0
configure:5348: test -s conftest
configure:5351: $? = 0
configure:5363: result: yes
configure:5276: checking for strcasecmp
configure:5333: gcc -o conftest -g -O2   conftest.c  >&5
configure:5339: $? = 0
configure:5342: test -z 			 || test ! -s conftest.err
configure:5345: $? = 0
configure:5348: test -s conftest
configure:5351: $? = 0
configure:5363: result: yes
configure:5276: checking for strchr
configure:5333: gcc -o conftest -g -O2   conftest.c  >&5
configure:5339: $? = 0
configure:5342: test -z 			 || test ! -s conftest.err
configure:5345: $? = 0
configure:5348: test -s conftest
configure:5351: $? = 0
configure:5363: result: yes
configure:5276: checking for strcspn
configure:5333: gcc -o conftest -g -O2   conftest.c  >&5
configure:5339: $? = 0
configure:5342: test -z 			 || test ! -s conftest.err
configure:5345: $? = 0
configure:5348: test -s conftest
configure:5351: $? = 0
configure:5363: result: yes
configure:5276: checking for strdup
configure:5333: gcc -o conftest -g -O2   conftest.c  >&5
configure:5339: $? = 0
configure:5342: test -z 			 || test ! -s conftest.err
configure:5345: $? = 0
configure:5348: test -s conftest
configure:5351: $? = 0
configure:5363: result: yes
configure:5276: checking for strerror
configure:5333: gcc -o conftest -g -O2   conftest.c  >&5
configure:5339: $? = 0
configure:5342: test -z 			 || test ! -s conftest.err
configure:5345: $? = 0
configure:5348: test -s conftest
configure:5351: $? = 0
configure:5363: result: yes
configure:5276: checking for strtol
configure:5333: gcc -o conftest -g -O2   conftest.c  >&5
configure:5339: $? = 0
configure:5342: test -z 			 || test ! -s conftest.err
configure:5345: $? = 0
configure:5348: test -s conftest
configure:5351: $? = 0
configure:5363: result: yes
configure:5430: checking build system type
configure:5448: result: i386-unknown-openbsd3.4
configure:5456: checking host system type
configure:5470: result: i386-unknown-openbsd3.4
configure:5544: checking for pcap_dispatch in -lpcap
configure:5574: gcc -o conftest -g -O2   conftest.c -lpcap   >&5
configure:5580: $? = 0
configure:5583: test -z 			 || test ! -s conftest.err
configure:5586: $? = 0
configure:5589: test -s conftest
configure:5592: $? = 0
configure:5605: result: yes
configure:5653: checking "for postgresql"
configure:5732: result: yes
configure:5736: checking for compress in -lz
configure:5766: gcc -o conftest -g -O2   conftest.c -lz  -lpcap  >&5
configure:5772: $? = 0
configure:5775: test -z 			 || test ! -s conftest.err
configure:5778: $? = 0
configure:5781: test -s conftest
configure:5784: $? = 0
configure:5797: result: yes
configure:5837: checking "for mysql"
configure:5860: result: no
configure:5862: result:
       you don't have MySQL HEADERS, build process
       will fail withous this!! try to install them.
       mysql.h is missing ... perhaps you need to
       to install mysql-*-dev package or try with
       ./configure --with-mysql=/path/to/install/dir

       .. THAT IS OK if you compiling with ORACLE or PGSQL ..
      
configure:6008: checking "for oracle home"
configure:6021: result: ""
configure:6028: checking "for oracle pro*c"
configure:6033: result: no
configure:6504: checking for library containing pthread_create
configure:6534: gcc -o conftest -g -O2 -I. -I.. -I/usr/local/include   conftest.c -lz -lpcap  -Wl,-R/usr/local/lib >&5
/tmp/cczi7062.o: In function `main':
/home/vlado/netacct-mysql-0.79/conftest.c:77: undefined reference to `pthread_create'
collect2: ld returned 1 exit status
configure:6540: $? = 1
configure: failed program was:
| /* confdefs.h.  */
| 
| #define PACKAGE_NAME "netacct-mysql"
| #define PACKAGE_TARNAME "netacct-mysql"
| #define PACKAGE_VERSION "0.80"
| #define PACKAGE_STRING "netacct-mysql 0.80"
| #define PACKAGE_BUGREPORT "geroy@stemo.bg"
| #define PACKAGE "netacct-mysql"
| #define VERSION "0.80"
| #define STDC_HEADERS 1
| #define HAVE_SYS_WAIT_H 1
| #define HAVE_SYS_TYPES_H 1
| #define HAVE_SYS_STAT_H 1
| #define HAVE_STDLIB_H 1
| #define HAVE_STRING_H 1
| #define HAVE_MEMORY_H 1
| #define HAVE_STRINGS_H 1
| #define HAVE_INTTYPES_H 1
| #define HAVE_UNISTD_H 1
| #define HAVE_ARPA_INET_H 1
| #define HAVE_FCNTL_H 1
| #define HAVE_LIMITS_H 1
| #define HAVE_MALLOC_H 1
| #define HAVE_NETINET_IN_H 1
| #define HAVE_STDLIB_H 1
| #define HAVE_STRING_H 1
| #define HAVE_SYS_FILE_H 1
| #define HAVE_SYS_IOCTL_H 1
| #define HAVE_SYS_PARAM_H 1
| #define HAVE_SYS_SOCKET_H 1
| #define HAVE_SYS_TIME_H 1
| #define HAVE_SYSLOG_H 1
| #define HAVE_UNISTD_H 1
| #define HAVE_UTMP_H 1
| #define HAVE_UNISTD_H 1
| #define HAVE_FORK 1
| #define HAVE_VFORK 1
| #define HAVE_WORKING_VFORK 1
| #define HAVE_WORKING_FORK 1
| #define HAVE_STDLIB_H 1
| #define HAVE_MALLOC 1
| #define HAVE_SYS_SELECT_H 1
| #define HAVE_SYS_SOCKET_H 1
| #define SELECT_TYPE_ARG1 int
| #define SELECT_TYPE_ARG234 (fd_set *)
| #define SELECT_TYPE_ARG5 (struct timeval *)
| #define PROTOTYPES 1
| #define __PROTOTYPES 1
| #define RETSIGTYPE void
| #define HAVE_STRFTIME 1
| #define HAVE_ALARM 1
| #define HAVE_MEMMOVE 1
| #define HAVE_PUTENV 1
| #define HAVE_SELECT 1
| #define HAVE_STRCASECMP 1
| #define HAVE_STRCHR 1
| #define HAVE_STRCSPN 1
| #define HAVE_STRDUP 1
| #define HAVE_STRERROR 1
| #define HAVE_STRTOL 1
| #define DEF_ACCTTAB "/usr/local/etc/naccttab"
| #define PEERING_FILE "/usr/local/etc/nacctpeering"
| #define HAVE_LIBPCAP 1
| #define HAVE_LIBZ 1
| /* end confdefs.h.  */
| 
| /* Override any gcc2 internal prototype to avoid an error.  */
| #ifdef __cplusplus
| extern "C"
| #endif
| /* We use char because int might match the return type of a gcc2
|    builtin and then its argument prototype would still apply.  */
| char pthread_create ();
| int
| main ()
| {
| pthread_create ();
|   ;
|   return 0;
| }
configure:6588: gcc -o conftest -g -O2 -I. -I.. -I/usr/local/include   conftest.c -lpthread  -lz -lpcap  -Wl,-R/usr/local/lib >&5
configure:6594: $? = 0
configure:6597: test -z 			 || test ! -s conftest.err
configure:6600: $? = 0
configure:6603: test -s conftest
configure:6606: $? = 0
configure:6621: result: -lpthread
configure:6934: creating ./config.status

## ---------------------- ##
## Running config.status. ##
## ---------------------- ##

This file was extended by netacct-mysql config.status 0.80, which was
generated by GNU Autoconf 2.59.  Invocation command line was

  CONFIG_FILES    = 
  CONFIG_HEADERS  = 
  CONFIG_LINKS    = 
  CONFIG_COMMANDS = 
  $ ./config.status 

on moon.int.fibank.bg

config.status:737: creating src/Makefile
config.status:737: creating Makefile
config.status:803: creating config.h
config.status:1197: executing depfiles commands

## ---------------- ##
## Cache variables. ##
## ---------------- ##

ac_cv_build=i386-unknown-openbsd3.4
ac_cv_build_alias=i386-unknown-openbsd3.4
ac_cv_c_compiler_gnu=yes
ac_cv_c_const=yes
ac_cv_c_inline=inline
ac_cv_c_volatile=yes
ac_cv_env_CC_set=
ac_cv_env_CC_value=
ac_cv_env_CFLAGS_set=
ac_cv_env_CFLAGS_value=
ac_cv_env_CPPFLAGS_set=
ac_cv_env_CPPFLAGS_value=
ac_cv_env_CPP_set=
ac_cv_env_CPP_value=
ac_cv_env_LDFLAGS_set=
ac_cv_env_LDFLAGS_value=
ac_cv_env_build_alias_set=
ac_cv_env_build_alias_value=
ac_cv_env_host_alias_set=
ac_cv_env_host_alias_value=
ac_cv_env_target_alias_set=
ac_cv_env_target_alias_value=
ac_cv_exeext=
ac_cv_func_alarm=yes
ac_cv_func_fork=yes
ac_cv_func_fork_works=yes
ac_cv_func_malloc_0_nonnull=yes
ac_cv_func_memmove=yes
ac_cv_func_putenv=yes
ac_cv_func_select=yes
ac_cv_func_select_args='int,fd_set *,struct timeval *'
ac_cv_func_setvbuf_reversed=no
ac_cv_func_strcasecmp=yes
ac_cv_func_strchr=yes
ac_cv_func_strcspn=yes
ac_cv_func_strdup=yes
ac_cv_func_strerror=yes
ac_cv_func_strftime=yes
ac_cv_func_strtol=yes
ac_cv_func_vfork=yes
ac_cv_func_vfork_works=yes
ac_cv_header_arpa_inet_h=yes
ac_cv_header_fcntl_h=yes
ac_cv_header_inttypes_h=yes
ac_cv_header_limits_h=yes
ac_cv_header_malloc_h=yes
ac_cv_header_memory_h=yes
ac_cv_header_netinet_in_h=yes
ac_cv_header_stdc=yes
ac_cv_header_stdint_h=no
ac_cv_header_stdlib_h=yes
ac_cv_header_string_h=yes
ac_cv_header_strings_h=yes
ac_cv_header_sys_file_h=yes
ac_cv_header_sys_ioctl_h=yes
ac_cv_header_sys_param_h=yes
ac_cv_header_sys_select_h=yes
ac_cv_header_sys_socket_h=yes
ac_cv_header_sys_stat_h=yes
ac_cv_header_sys_time_h=yes
ac_cv_header_sys_types_h=yes
ac_cv_header_sys_wait_h=yes
ac_cv_header_syslog_h=yes
ac_cv_header_unistd_h=yes
ac_cv_header_utmp_h=yes
ac_cv_header_vfork_h=no
ac_cv_host=i386-unknown-openbsd3.4
ac_cv_host_alias=i386-unknown-openbsd3.4
ac_cv_lib_pcap_pcap_dispatch=yes
ac_cv_lib_z_compress=yes
ac_cv_objext=o
ac_cv_path_install='/usr/bin/install -c'
ac_cv_prog_AWK=nawk
ac_cv_prog_CPP='gcc -E'
ac_cv_prog_ac_ct_CC=gcc
ac_cv_prog_cc_g=yes
ac_cv_prog_cc_stdc=
ac_cv_prog_egrep='grep -E'
ac_cv_prog_make_make_set=yes
ac_cv_search_pthread_create=-lpthread
ac_cv_type_pid_t=yes
ac_cv_type_signal=void
ac_cv_type_uid_t=yes
am_cv_CC_dependencies_compiler_type=gcc

## ----------------- ##
## Output variables. ##
## ----------------- ##

ACLOCAL='${SHELL} /home/vlado/netacct-mysql-0.79/missing --run aclocal-1.7'
AMDEPBACKSLASH='\'
AMDEP_FALSE='#'
AMDEP_TRUE=''
AMTAR='${SHELL} /home/vlado/netacct-mysql-0.79/missing --run tar'
AUTOCONF='${SHELL} /home/vlado/netacct-mysql-0.79/missing --run autoconf'
AUTOHEADER='${SHELL} /home/vlado/netacct-mysql-0.79/missing --run autoheader'
AUTOMAKE='${SHELL} /home/vlado/netacct-mysql-0.79/missing --run automake-1.7'
AWK='nawk'
CC='gcc'
CCDEPMODE='depmode=gcc'
CFLAGS='-g -O2 -I. -I.. -I/usr/local/include'
CPP='gcc -E'
CPPFLAGS=''
CYGPATH_W='echo'
DEFS='-DHAVE_CONFIG_H'
DEPDIR='.deps'
ECHO_C=''ECHO_N=''
ECHO_T=''
EGREP='grep -E'
EXEEXT=''
INSTALL_DATA='${INSTALL} -m 644'
INSTALL_PROGRAM='${INSTALL}'
INSTALL_SCRIPT='${INSTALL}'
INSTALL_STRIP_PROGRAM='${SHELL} $(install_sh) -c -s'
LDFLAGS=''
LIBOBJS=''
LIBS='-lpthread -lz -lpcap  -Wl,-R/usr/local/lib'
LTLIBOBJS=''
MAKEINFO='${SHELL} /home/vlado/netacct-mysql-0.79/missing --run makeinfo'
OBJEXT='o'
ORACLE_HOME=''
OS='_OpenBSD_'
PACKAGE='netacct-mysql'
PACKAGE_BUGREPORT='geroy@stemo.bg'
PACKAGE_NAME='netacct-mysql'
PACKAGE_STRING='netacct-mysql 0.80'
PACKAGE_TARNAME='netacct-mysql'
PACKAGE_VERSION='0.80'
PATH_SEPARATOR=':'
PROC='cp /dev/null oracle.c'
SET_MAKE=''
SHELL='/bin/sh'
STRIP=''
VERSION='0.80'
ac_ct_CC='gcc'
ac_ct_STRIP=''
am__fastdepCC_FALSE=''
am__fastdepCC_TRUE='#'
am__include='include'
am__leading_dot='.'
am__quote=''
bindir='${exec_prefix}/bin'
build='i386-unknown-openbsd3.4'
build_alias=''
build_cpu='i386'
build_os='openbsd3.4'
build_vendor='unknown'
datadir='${prefix}/share'
exec_prefix='${prefix}'
host='i386-unknown-openbsd3.4'
host_alias=''
host_cpu='i386'
host_os='openbsd3.4'
host_vendor='unknown'
includedir='${prefix}/include'
infodir='${prefix}/info'
install_sh='/home/vlado/netacct-mysql-0.79/install-sh'
libdir='${exec_prefix}/lib'
libexecdir='${exec_prefix}/libexec'
localstatedir='${prefix}/var'
mandir='${prefix}/man'
oldincludedir='/usr/include'
prefix='/usr/local'
program_transform_name='s,x,x,'
sbindir='${exec_prefix}/sbin'
sharedstatedir='${prefix}/com'
sysconfdir='${prefix}/etc'
target_alias=''

## ----------- ##
## confdefs.h. ##
## ----------- ##

#define DEF_ACCTTAB "/usr/local/etc/naccttab"
#define HAVE_ALARM 1
#define HAVE_ARPA_INET_H 1
#define HAVE_FCNTL_H 1
#define HAVE_FORK 1
#define HAVE_INTTYPES_H 1
#define HAVE_LIBPCAP 1
#define HAVE_LIBZ 1
#define HAVE_LIMITS_H 1
#define HAVE_MALLOC 1
#define HAVE_MALLOC_H 1
#define HAVE_MEMMOVE 1
#define HAVE_MEMORY_H 1
#define HAVE_NETINET_IN_H 1
#define HAVE_PUTENV 1
#define HAVE_SELECT 1
#define HAVE_STDLIB_H 1
#define HAVE_STDLIB_H 1
#define HAVE_STDLIB_H 1
#define HAVE_STRCASECMP 1
#define HAVE_STRCHR 1
#define HAVE_STRCSPN 1
#define HAVE_STRDUP 1
#define HAVE_STRERROR 1
#define HAVE_STRFTIME 1
#define HAVE_STRINGS_H 1
#define HAVE_STRING_H 1
#define HAVE_STRING_H 1
#define HAVE_STRTOL 1
#define HAVE_SYSLOG_H 1
#define HAVE_SYS_FILE_H 1
#define HAVE_SYS_IOCTL_H 1
#define HAVE_SYS_PARAM_H 1
#define HAVE_SYS_SELECT_H 1
#define HAVE_SYS_SOCKET_H 1
#define HAVE_SYS_SOCKET_H 1
#define HAVE_SYS_STAT_H 1
#define HAVE_SYS_TIME_H 1
#define HAVE_SYS_TYPES_H 1
#define HAVE_SYS_WAIT_H 1
#define HAVE_UNISTD_H 1
#define HAVE_UNISTD_H 1
#define HAVE_UNISTD_H 1
#define HAVE_UTMP_H 1
#define HAVE_VFORK 1
#define HAVE_WORKING_FORK 1
#define HAVE_WORKING_VFORK 1
#define PACKAGE "netacct-mysql"
#define PACKAGE_BUGREPORT "geroy@stemo.bg"
#define PACKAGE_NAME "netacct-mysql"
#define PACKAGE_STRING "netacct-mysql 0.80"
#define PACKAGE_TARNAME "netacct-mysql"
#define PACKAGE_VERSION "0.80"
#define PEERING_FILE "/usr/local/etc/nacctpeering"
#define PROTOTYPES 1
#define RETSIGTYPE void
#define SELECT_TYPE_ARG1 int
#define SELECT_TYPE_ARG234 (fd_set *)
#define SELECT_TYPE_ARG5 (struct timeval *)
#define STDC_HEADERS 1
#define VERSION "0.80"
#define __PROTOTYPES 1

configure: exit 0
